<?xml version="1.0" encoding="UTF-8"?>
<robot generator="Robot 7.2 (Python 3.13.1 on win32)" generated="2025-01-16T22:43:03.347456" rpa="false" schemaversion="5">
<suite id="s1" name="Login" source="C:\Users\uriel\OneDrive\Documents\GitHub\autiomation-tests\login.robot">
<test id="s1-t1" name="Login User for automation Exercise" line="12">
<kw name="Open Browser" owner="SeleniumLibrary">
<msg time="2025-01-16T22:43:03.598324" level="INFO">Opening browser 'chrome' to base url 'https://automationexercise.com'.</msg>
<arg>${URL}</arg>
<arg>${BROWSER}</arg>
<doc>Opens a new browser instance to the optional ``url``.</doc>
<status status="PASS" start="2025-01-16T22:43:03.598088" elapsed="6.468098"/>
</kw>
<kw name="Maximize Browser Window" owner="SeleniumLibrary">
<doc>Maximizes current browser window.</doc>
<status status="PASS" start="2025-01-16T22:43:10.066646" elapsed="0.034284"/>
</kw>
<kw name="Go to Login Page">
<kw name="Click Element" owner="SeleniumLibrary">
<msg time="2025-01-16T22:43:10.102414" level="INFO">Clicking element '//a[@href='/login']'.</msg>
<arg>//a[@href='/login']</arg>
<doc>Click the element identified by ``locator``.</doc>
<status status="PASS" start="2025-01-16T22:43:10.101952" elapsed="1.100991"/>
</kw>
<status status="PASS" start="2025-01-16T22:43:10.101595" elapsed="1.101468"/>
</kw>
<kw name="Login User">
<kw name="Input Text" owner="SeleniumLibrary">
<msg time="2025-01-16T22:43:11.203910" level="INFO">Typing text 'testemail22@example.com' into text field '//input[@name='email']'.</msg>
<arg>//input[@name='email']</arg>
<arg>${EMAIL}</arg>
<doc>Types the given ``text`` into the text field identified by ``locator``.</doc>
<status status="PASS" start="2025-01-16T22:43:11.203734" elapsed="0.181936"/>
</kw>
<kw name="Input Text" owner="SeleniumLibrary">
<msg time="2025-01-16T22:43:11.386189" level="INFO">Typing text 'mypassword123' into text field '//input[@name='password']'.</msg>
<arg>//input[@name='password']</arg>
<arg>${PASSWORD}</arg>
<doc>Types the given ``text`` into the text field identified by ``locator``.</doc>
<status status="PASS" start="2025-01-16T22:43:11.385874" elapsed="0.096857"/>
</kw>
<kw name="Click Element" owner="SeleniumLibrary">
<msg time="2025-01-16T22:43:11.483247" level="INFO">Clicking element '//button[@type='submit']'.</msg>
<arg>//button[@type='submit']</arg>
<doc>Click the element identified by ``locator``.</doc>
<status status="PASS" start="2025-01-16T22:43:11.482991" elapsed="1.867676"/>
</kw>
<status status="PASS" start="2025-01-16T22:43:11.203499" elapsed="2.147324"/>
</kw>
<kw name="Validate Login">
<kw name="Wait Until Element Is Visible" owner="SeleniumLibrary">
<arg>//a[@href='/logout']</arg>
<arg>timeout=10s</arg>
<doc>Waits until the element ``locator`` is visible.</doc>
<status status="PASS" start="2025-01-16T22:43:13.351548" elapsed="0.032689"/>
</kw>
<kw name="Element Should Contain" owner="SeleniumLibrary">
<msg time="2025-01-16T22:43:13.463637" level="INFO">Element '//a[@href='/logout']' contains text 'Logout'.</msg>
<arg>//a[@href='/logout']</arg>
<arg>Logout</arg>
<doc>Verifies that element ``locator`` contains text ``expected``.</doc>
<status status="PASS" start="2025-01-16T22:43:13.384578" elapsed="0.079154"/>
</kw>
<status status="PASS" start="2025-01-16T22:43:13.351318" elapsed="0.112503"/>
</kw>
<kw name="Close Browser" owner="SeleniumLibrary">
<doc>Closes the current browser.</doc>
<status status="PASS" start="2025-01-16T22:43:13.464100" elapsed="2.111503"/>
</kw>
<status status="PASS" start="2025-01-16T22:43:03.597171" elapsed="11.978739"/>
</test>
<status status="PASS" start="2025-01-16T22:43:03.348589" elapsed="12.228768"/>
</suite>
<statistics>
<total>
<stat pass="1" fail="0" skip="0">All Tests</stat>
</total>
<tag>
</tag>
<suite>
<stat name="Login" id="s1" pass="1" fail="0" skip="0">Login</stat>
</suite>
</statistics>
<errors>
</errors>
</robot>
